This file contains any messages produced by compilers while
running configure, to aid debugging if configure makes a mistake.

It was created by analysis configure 1, which was
generated by GNU Autoconf 2.59.  Invocation command line was

  $ ./configure 

## --------- ##
## Platform. ##
## --------- ##

hostname = scpc00.unige.ch
uname -m = x86_64
uname -r = 2.6.18-371.1.2.el5
uname -s = Linux
uname -v = #1 SMP Wed Oct 23 09:43:01 CEST 2013

/usr/bin/uname -p = unknown
/bin/uname -X     = unknown

/bin/arch              = x86_64
/usr/bin/arch -k       = unknown
/usr/convex/getsysinfo = unknown
hostinfo               = unknown
/bin/machine           = unknown
/usr/bin/oslevel       = unknown
/bin/universe          = unknown

PATH: /users/sstucci/bin
PATH: /users/sstucci/scripts
PATH: /usr/sue/bin
PATH: /usr/local/bin
PATH: /usr/local/bin/X11
PATH: /usr/bin
PATH: /bin
PATH: /usr/bin/X11
PATH: /cern/pro/bin
PATH: /usr/lib64/qt-3.3/bin
PATH: /usr/kerberos/bin
PATH: /usr/NX/bin
PATH: /opt/root/bin
PATH: /opt/electro/IFV9.2/tools/bin
PATH: /users/sstucci/bin


## ----------- ##
## Core tests. ##
## ----------- ##

configure:1320: checking for a BSD-compatible install
configure:1375: result: /usr/bin/install -c
configure:1386: checking whether build environment is sane
configure:1429: result: yes
configure:1494: checking for gawk
configure:1510: found /usr/bin/gawk
configure:1520: result: gawk
configure:1530: checking whether make sets $(MAKE)
configure:1550: result: yes
configure:1775: checking for g++
configure:1791: found /usr/bin/g++
configure:1801: result: g++
configure:1817: checking for C++ compiler version
configure:1820: g++ --version </dev/null >&5
g++ (GCC) 4.1.2 20080704 (Red Hat 4.1.2-54)
Copyright (C) 2006 Free Software Foundation, Inc.
This is free software; see the source for copying conditions.  There is NO
warranty; not even for MERCHANTABILITY or FITNESS FOR A PARTICULAR PURPOSE.

configure:1823: $? = 0
configure:1825: g++ -v </dev/null >&5
Using built-in specs.
Target: x86_64-redhat-linux
Configured with: ../configure --prefix=/usr --mandir=/usr/share/man --infodir=/usr/share/info --enable-shared --enable-threads=posix --enable-checking=release --with-system-zlib --enable-__cxa_atexit --disable-libunwind-exceptions --enable-libgcj-multifile --enable-languages=c,c++,objc,obj-c++,java,fortran,ada --enable-java-awt=gtk --disable-dssi --disable-plugin --with-java-home=/usr/lib/jvm/java-1.4.2-gcj-1.4.2.0/jre --with-cpu=generic --host=x86_64-redhat-linux
Thread model: posix
gcc version 4.1.2 20080704 (Red Hat 4.1.2-54)
configure:1828: $? = 0
configure:1830: g++ -V </dev/null >&5
g++: '-V' option must have argument
configure:1833: $? = 1
configure:1856: checking for C++ compiler default output file name
configure:1859: g++    conftest.cc  >&5
configure:1862: $? = 0
configure:1908: result: a.out
configure:1913: checking whether the C++ compiler works
configure:1919: ./a.out
configure:1922: $? = 0
configure:1939: result: yes
configure:1946: checking whether we are cross compiling
configure:1948: result: no
configure:1951: checking for suffix of executables
configure:1953: g++ -o conftest    conftest.cc  >&5
configure:1956: $? = 0
configure:1981: result: 
configure:1987: checking for suffix of object files
configure:2008: g++ -c   conftest.cc >&5
configure:2011: $? = 0
configure:2033: result: o
configure:2037: checking whether we are using the GNU C++ compiler
configure:2061: g++ -c   conftest.cc >&5
configure:2067: $? = 0
configure:2071: test -z 
			 || test ! -s conftest.err
configure:2074: $? = 0
configure:2077: test -s conftest.o
configure:2080: $? = 0
configure:2093: result: yes
configure:2099: checking whether g++ accepts -g
configure:2120: g++ -c -g  conftest.cc >&5
configure:2126: $? = 0
configure:2130: test -z 
			 || test ! -s conftest.err
configure:2133: $? = 0
configure:2136: test -s conftest.o
configure:2139: $? = 0
configure:2150: result: yes
configure:2192: g++ -c -g -O2  conftest.cc >&5
configure:2198: $? = 0
configure:2202: test -z 
			 || test ! -s conftest.err
configure:2205: $? = 0
configure:2208: test -s conftest.o
configure:2211: $? = 0
configure:2237: g++ -c -g -O2  conftest.cc >&5
conftest.cc: In function 'int main()':
conftest.cc:15: error: 'exit' was not declared in this scope
configure:2243: $? = 1
configure: failed program was:
| /* confdefs.h.  */
| 
| #define PACKAGE_NAME "analysis"
| #define PACKAGE_TARNAME "analysis"
| #define PACKAGE_VERSION "1"
| #define PACKAGE_STRING "analysis 1"
| #define PACKAGE_BUGREPORT "iblsla@0x53a.de"
| #define PACKAGE "analysis"
| #define VERSION "1"
| /* end confdefs.h.  */
| 
| int
| main ()
| {
| exit (42);
|   ;
|   return 0;
| }
configure:2192: g++ -c -g -O2  conftest.cc >&5
configure:2198: $? = 0
configure:2202: test -z 
			 || test ! -s conftest.err
configure:2205: $? = 0
configure:2208: test -s conftest.o
configure:2211: $? = 0
configure:2237: g++ -c -g -O2  conftest.cc >&5
configure:2243: $? = 0
configure:2247: test -z 
			 || test ! -s conftest.err
configure:2250: $? = 0
configure:2253: test -s conftest.o
configure:2256: $? = 0
configure:2290: checking for style of include used by make
configure:2318: result: GNU
configure:2346: checking dependency style of g++
configure:2436: result: gcc3
configure:2499: checking for gcc
configure:2515: found /usr/bin/gcc
configure:2525: result: gcc
configure:2769: checking for C compiler version
configure:2772: gcc --version </dev/null >&5
gcc (GCC) 4.1.2 20080704 (Red Hat 4.1.2-54)
Copyright (C) 2006 Free Software Foundation, Inc.
This is free software; see the source for copying conditions.  There is NO
warranty; not even for MERCHANTABILITY or FITNESS FOR A PARTICULAR PURPOSE.

configure:2775: $? = 0
configure:2777: gcc -v </dev/null >&5
Using built-in specs.
Target: x86_64-redhat-linux
Configured with: ../configure --prefix=/usr --mandir=/usr/share/man --infodir=/usr/share/info --enable-shared --enable-threads=posix --enable-checking=release --with-system-zlib --enable-__cxa_atexit --disable-libunwind-exceptions --enable-libgcj-multifile --enable-languages=c,c++,objc,obj-c++,java,fortran,ada --enable-java-awt=gtk --disable-dssi --disable-plugin --with-java-home=/usr/lib/jvm/java-1.4.2-gcj-1.4.2.0/jre --with-cpu=generic --host=x86_64-redhat-linux
Thread model: posix
gcc version 4.1.2 20080704 (Red Hat 4.1.2-54)
configure:2780: $? = 0
configure:2782: gcc -V </dev/null >&5
gcc: '-V' option must have argument
configure:2785: $? = 1
configure:2788: checking whether we are using the GNU C compiler
configure:2812: gcc -c   conftest.c >&5
configure:2818: $? = 0
configure:2822: test -z 
			 || test ! -s conftest.err
configure:2825: $? = 0
configure:2828: test -s conftest.o
configure:2831: $? = 0
configure:2844: result: yes
configure:2850: checking whether gcc accepts -g
configure:2871: gcc -c -g  conftest.c >&5
configure:2877: $? = 0
configure:2881: test -z 
			 || test ! -s conftest.err
configure:2884: $? = 0
configure:2887: test -s conftest.o
configure:2890: $? = 0
configure:2901: result: yes
configure:2918: checking for gcc option to accept ANSI C
configure:2988: gcc  -c -g -O2  conftest.c >&5
configure:2994: $? = 0
configure:2998: test -z 
			 || test ! -s conftest.err
configure:3001: $? = 0
configure:3004: test -s conftest.o
configure:3007: $? = 0
configure:3025: result: none needed
configure:3043: gcc -c -g -O2  conftest.c >&5
conftest.c:2: error: expected '=', ',', ';', 'asm' or '__attribute__' before 'me'
configure:3049: $? = 1
configure: failed program was:
| #ifndef __cplusplus
|   choke me
| #endif
configure:3184: checking dependency style of gcc
configure:3274: result: gcc3
configure:3417: creating ./config.status

## ---------------------- ##
## Running config.status. ##
## ---------------------- ##

This file was extended by analysis config.status 1, which was
generated by GNU Autoconf 2.59.  Invocation command line was

  CONFIG_FILES    = 
  CONFIG_HEADERS  = 
  CONFIG_LINKS    = 
  CONFIG_COMMANDS = 
  $ ./config.status 

on scpc00.unige.ch

config.status:694: creating Makefile
config.status:694: creating src/Makefile
config.status:798: creating config.h
config.status:1064: executing depfiles commands

## ---------------- ##
## Cache variables. ##
## ---------------- ##

ac_cv_c_compiler_gnu=yes
ac_cv_cxx_compiler_gnu=yes
ac_cv_env_CC_set=
ac_cv_env_CC_value=
ac_cv_env_CFLAGS_set=
ac_cv_env_CFLAGS_value=
ac_cv_env_CPPFLAGS_set=
ac_cv_env_CPPFLAGS_value=
ac_cv_env_CXXFLAGS_set=
ac_cv_env_CXXFLAGS_value=
ac_cv_env_CXX_set=
ac_cv_env_CXX_value=
ac_cv_env_LDFLAGS_set=
ac_cv_env_LDFLAGS_value=
ac_cv_env_build_alias_set=
ac_cv_env_build_alias_value=
ac_cv_env_host_alias_set=
ac_cv_env_host_alias_value=
ac_cv_env_target_alias_set=
ac_cv_env_target_alias_value=
ac_cv_exeext=
ac_cv_objext=o
ac_cv_path_install='/usr/bin/install -c'
ac_cv_prog_AWK=gawk
ac_cv_prog_ac_ct_CC=gcc
ac_cv_prog_ac_ct_CXX=g++
ac_cv_prog_cc_g=yes
ac_cv_prog_cc_stdc=
ac_cv_prog_cxx_g=yes
ac_cv_prog_make_make_set=yes
am_cv_CC_dependencies_compiler_type=gcc3
am_cv_CXX_dependencies_compiler_type=gcc3

## ----------------- ##
## Output variables. ##
## ----------------- ##

ACLOCAL='${SHELL} /users/sstucci/iblsla2/trunk/analysis/missing --run aclocal-1.9'
AMDEPBACKSLASH='\'
AMDEP_FALSE='#'
AMDEP_TRUE=''
AMTAR='${SHELL} /users/sstucci/iblsla2/trunk/analysis/missing --run tar'
AUTOCONF='${SHELL} /users/sstucci/iblsla2/trunk/analysis/missing --run autoconf'
AUTOHEADER='${SHELL} /users/sstucci/iblsla2/trunk/analysis/missing --run autoheader'
AUTOMAKE='${SHELL} /users/sstucci/iblsla2/trunk/analysis/missing --run automake-1.9'
AWK='gawk'
CC='gcc'
CCDEPMODE='depmode=gcc3'
CFLAGS='-g -O2'
CPPFLAGS=''
CXX='g++'
CXXDEPMODE='depmode=gcc3'
CXXFLAGS='-g -O2'
CYGPATH_W='echo'
DEFS='-DHAVE_CONFIG_H'
DEPDIR='.deps'
ECHO_C=''
ECHO_N='-n'
ECHO_T=''
EXEEXT=''
INSTALL_DATA='${INSTALL} -m 644'
INSTALL_PROGRAM='${INSTALL}'
INSTALL_SCRIPT='${INSTALL}'
INSTALL_STRIP_PROGRAM='${SHELL} $(install_sh) -c -s'
LDFLAGS=''
LIBOBJS=''
LIBS=''
LTLIBOBJS=''
MAKEINFO='${SHELL} /users/sstucci/iblsla2/trunk/analysis/missing --run makeinfo'
OBJEXT='o'
PACKAGE='analysis'
PACKAGE_BUGREPORT='iblsla@0x53a.de'
PACKAGE_NAME='analysis'
PACKAGE_STRING='analysis 1'
PACKAGE_TARNAME='analysis'
PACKAGE_VERSION='1'
PATH_SEPARATOR=':'
SET_MAKE=''
SHELL='/bin/sh'
STRIP=''
VERSION='1'
ac_ct_CC='gcc'
ac_ct_CXX='g++'
ac_ct_STRIP=''
am__fastdepCC_FALSE='#'
am__fastdepCC_TRUE=''
am__fastdepCXX_FALSE='#'
am__fastdepCXX_TRUE=''
am__include='include'
am__leading_dot='.'
am__quote=''
am__tar='${AMTAR} chof - "$$tardir"'
am__untar='${AMTAR} xf -'
bindir='${exec_prefix}/bin'
build_alias=''
datadir='${prefix}/share'
exec_prefix='${prefix}'
host_alias=''
includedir='${prefix}/include'
infodir='${prefix}/info'
install_sh='/users/sstucci/iblsla2/trunk/analysis/install-sh'
libdir='${exec_prefix}/lib'
libexecdir='${exec_prefix}/libexec'
localstatedir='${prefix}/var'
mandir='${prefix}/man'
mkdir_p='mkdir -p --'
oldincludedir='/usr/include'
prefix='/usr/local'
program_transform_name='s,x,x,'
sbindir='${exec_prefix}/sbin'
sharedstatedir='${prefix}/com'
sysconfdir='${prefix}/etc'
target_alias=''

## ----------- ##
## confdefs.h. ##
## ----------- ##

#define PACKAGE "analysis"
#define PACKAGE_BUGREPORT "iblsla@0x53a.de"
#define PACKAGE_NAME "analysis"
#define PACKAGE_STRING "analysis 1"
#define PACKAGE_TARNAME "analysis"
#define PACKAGE_VERSION "1"
#define VERSION "1"
#endif
#ifdef __cplusplus
extern "C" void std::exit (int) throw (); using std::exit;

configure: exit 0

## ---------------------- ##
## Running config.status. ##
## ---------------------- ##

This file was extended by analysis config.status 1, which was
generated by GNU Autoconf 2.59.  Invocation command line was

  CONFIG_FILES    = 
  CONFIG_HEADERS  = 
  CONFIG_LINKS    = 
  CONFIG_COMMANDS = 
  $ ./config.status config.h

on scpc00.unige.ch

config.status:798: creating config.h
config.status:884: config.h is unchanged
